distributor/build/app/intermediates/manifest_merge_blame_file/debug/manifest-merger-blame-debug-report.txt
1<?xml version="1.0" encoding="utf-8"?>
2<manifest xmlns:android="http://schemas.android.com/apk/res/android"
3    package="de.yessoft.mandoob_distro"
4    android:versionCode="1"
5    android:versionName="1.0.0" >
6
7    <uses-sdk
8        android:minSdkVersion="21"
9        android:targetSdkVersion="30" />
10    <!--
11         Flutter needs it to communicate with the running application
12         to allow setting breakpoints, to provide hot reload, etc.
13    -->
14    <uses-permission android:name="android.permission.INTERNET" />
14-->src\debug\AndroidManifest.xml:6:5-66
14-->src\debug\AndroidManifest.xml:6:22-64
15    <uses-permission android:name="android.permission.ACCESS_COARSE_LOCATION" />
15-->[:location] AndroidManifest.xml:7:5-81
15-->[:location] AndroidManifest.xml:7:22-78
16    <uses-permission android:name="android.permission.ACCESS_FINE_LOCATION" />
16-->[:location] AndroidManifest.xml:8:5-79
16-->[:location] AndroidManifest.xml:8:22-76
17    <uses-permission android:name="android.permission.RECEIVE_BOOT_COMPLETED" />
17-->[:flutter_local_notifications] AndroidManifest.xml:7:5-81
17-->[:flutter_local_notifications] AndroidManifest.xml:7:22-78
18    <uses-permission android:name="android.permission.VIBRATE" />
18-->[:flutter_local_notifications] AndroidManifest.xml:8:5-66
18-->[:flutter_local_notifications] AndroidManifest.xml:8:22-63
19    <uses-permission android:name="android.permission.USE_FULL_SCREEN_INTENT" />
19-->[:flutter_local_notifications] AndroidManifest.xml:9:5-81
19-->[:flutter_local_notifications] AndroidManifest.xml:9:22-78
20    <uses-permission android:name="android.permission.WAKE_LOCK" />
20-->[:firebase_messaging] AndroidManifest.xml:8:5-68
20-->[:firebase_messaging] AndroidManifest.xml:8:22-65
21    <uses-permission android:name="android.permission.ACCESS_NETWORK_STATE" /> <!-- Required by older versions of Google Play services to create IID tokens -->
21-->[:firebase_messaging] AndroidManifest.xml:9:5-79
21-->[:firebase_messaging] AndroidManifest.xml:9:22-76
22    <uses-permission android:name="com.google.android.c2dm.permission.RECEIVE" />
22-->[com.google.firebase:firebase-messaging:23.0.0] AndroidManifest.xml:25:5-82
22-->[com.google.firebase:firebase-messaging:23.0.0] AndroidManifest.xml:25:22-79
23    <uses-permission android:name="com.google.android.finsky.permission.BIND_GET_INSTALL_REFERRER_SERVICE" /> <!-- Include required permissions for Advertising Id -->
23-->[com.google.android.gms:play-services-measurement:20.0.2] AndroidManifest.xml:26:5-110
23-->[com.google.android.gms:play-services-measurement:20.0.2] AndroidManifest.xml:26:22-107
24    <uses-permission android:name="com.google.android.gms.permission.AD_ID" />
24-->[com.google.android.gms:play-services-ads-identifier:18.0.0] AndroidManifest.xml:23:5-79
24-->[com.google.android.gms:play-services-ads-identifier:18.0.0] AndroidManifest.xml:23:22-76
25
26    <application
26-->src\main\AndroidManifest.xml:3:4-40:19
27        android:appComponentFactory="androidx.core.app.CoreComponentFactory"
27-->[androidx.core:core:1.6.0] AndroidManifest.xml:24:18-86
28        android:debuggable="true"
29        android:icon="@drawable/logo"
29-->src\main\AndroidManifest.xml:5:8-37
30        android:label="Mandob" >
30-->src\main\AndroidManifest.xml:4:9-31
31        <activity
31-->src\main\AndroidManifest.xml:6:9-34:20
32            android:name="de.yessoft.mandoob_distro.MainActivity"
32-->src\main\AndroidManifest.xml:7:13-41
33            android:configChanges="orientation|keyboardHidden|keyboard|screenSize|smallestScreenSize|locale|layoutDirection|fontScale|screenLayout|density|uiMode"
33-->src\main\AndroidManifest.xml:10:13-163
34            android:hardwareAccelerated="true"
34-->src\main\AndroidManifest.xml:11:13-47
35            android:launchMode="singleTop"
35-->src\main\AndroidManifest.xml:8:13-43
36            android:theme="@style/LaunchTheme"
36-->src\main\AndroidManifest.xml:9:13-47
37            android:windowSoftInputMode="adjustResize" >
37-->src\main\AndroidManifest.xml:12:13-55
38
39            <!--
40                 Specifies an Android theme to apply to this Activity as soon as
41                 the Android process has started. This theme is visible to the user
42                 while the Flutter UI initializes. After that, this theme continues
43                 to determine the Window background behind the Flutter UI.
44            -->
45            <meta-data
45-->src\main\AndroidManifest.xml:17:13-20:17
46                android:name="io.flutter.embedding.android.NormalTheme"
46-->src\main\AndroidManifest.xml:18:15-70
47                android:resource="@style/NormalTheme" />
47-->src\main\AndroidManifest.xml:19:15-52
48            <!--
49                 Displays an Android View that continues showing the launch screen
50                 Drawable until Flutter paints its first frame, then this splash
51                 screen fades out. A splash screen is useful to avoid any visual
52                 gap between the end of Android's launch screen and the painting of
53                 Flutter's first frame.
54            -->
55            <meta-data
55-->src\main\AndroidManifest.xml:26:13-29:17
56                android:name="io.flutter.embedding.android.SplashScreenDrawable"
56-->src\main\AndroidManifest.xml:27:15-79
57                android:resource="@drawable/launch_background" />
57-->src\main\AndroidManifest.xml:28:15-61
58
59            <intent-filter>
59-->src\main\AndroidManifest.xml:30:13-33:29
60                <action android:name="android.intent.action.MAIN" />
60-->src\main\AndroidManifest.xml:31:17-68
60-->src\main\AndroidManifest.xml:31:25-66
61
62                <category android:name="android.intent.category.LAUNCHER" />
62-->src\main\AndroidManifest.xml:32:17-76
62-->src\main\AndroidManifest.xml:32:27-74
63            </intent-filter>
64        </activity>
65        <!--
66             Don't delete the meta-data below.
67             This is used by the Flutter tool to generate GeneratedPluginRegistrant.java
68        -->
69        <meta-data
69-->src\main\AndroidManifest.xml:37:9-39:33
70            android:name="flutterEmbedding"
70-->src\main\AndroidManifest.xml:38:13-44
71            android:value="2" />
71-->src\main\AndroidManifest.xml:39:13-30
72
73        <service
73-->[:location] AndroidManifest.xml:11:9-15:56
74            android:name="com.lyokone.location.FlutterLocationService"
74-->[:location] AndroidManifest.xml:12:13-71
75            android:enabled="true"
75-->[:location] AndroidManifest.xml:13:13-35
76            android:exported="false"
76-->[:location] AndroidManifest.xml:14:13-37
77            android:foregroundServiceType="location" />
77-->[:location] AndroidManifest.xml:15:13-53
78
79        <provider
79-->[:image_picker] AndroidManifest.xml:8:9-16:20
80            android:name="io.flutter.plugins.imagepicker.ImagePickerFileProvider"
80-->[:image_picker] AndroidManifest.xml:9:13-82
81            android:authorities="de.yessoft.mandoob_distro.flutter.image_provider"
81-->[:image_picker] AndroidManifest.xml:10:13-74
82            android:exported="false"
82-->[:image_picker] AndroidManifest.xml:11:13-37
83            android:grantUriPermissions="true" >
83-->[:image_picker] AndroidManifest.xml:12:13-47
84            <meta-data
84-->[:image_picker] AndroidManifest.xml:13:13-15:75
85                android:name="android.support.FILE_PROVIDER_PATHS"
85-->[:image_picker] AndroidManifest.xml:14:17-67
86                android:resource="@xml/flutter_image_picker_file_paths" />
86-->[:image_picker] AndroidManifest.xml:15:17-72
87        </provider>
88
89        <service
89-->[:cloud_firestore] AndroidManifest.xml:8:9-12:19
90            android:name="com.google.firebase.components.ComponentDiscoveryService"
90-->[:cloud_firestore] AndroidManifest.xml:8:18-89
91            android:directBootAware="true"
91-->[com.google.firebase:firebase-common:20.0.0] AndroidManifest.xml:35:13-43
92            android:exported="false" >
92-->[com.google.firebase:firebase-crashlytics-ktx:18.2.6] AndroidManifest.xml:26:13-37
93            <meta-data
93-->[:cloud_firestore] AndroidManifest.xml:9:13-11:85
94                android:name="com.google.firebase.components:io.flutter.plugins.firebase.firestore.FlutterFirebaseFirestoreRegistrar"
94-->[:cloud_firestore] AndroidManifest.xml:10:17-134
95                android:value="com.google.firebase.components.ComponentRegistrar" />
95-->[:cloud_firestore] AndroidManifest.xml:11:17-82
96            <meta-data
96-->[:firebase_remote_config] AndroidManifest.xml:9:13-11:85
97                android:name="com.google.firebase.components:io.flutter.plugins.firebase.firebaseremoteconfig.FlutterFirebaseAppRegistrar"
97-->[:firebase_remote_config] AndroidManifest.xml:10:17-139
98                android:value="com.google.firebase.components.ComponentRegistrar" />
98-->[:firebase_remote_config] AndroidManifest.xml:11:17-82
99            <meta-data
99-->[:firebase_auth] AndroidManifest.xml:9:13-11:85
100                android:name="com.google.firebase.components:io.flutter.plugins.firebase.auth.FlutterFirebaseAuthRegistrar"
100-->[:firebase_auth] AndroidManifest.xml:10:17-124
101                android:value="com.google.firebase.components.ComponentRegistrar" />
101-->[:firebase_auth] AndroidManifest.xml:11:17-82
102            <meta-data
102-->[:firebase_crashlytics] AndroidManifest.xml:9:13-11:85
103                android:name="com.google.firebase.components:io.flutter.plugins.firebase.crashlytics.FlutterFirebaseAppRegistrar"
103-->[:firebase_crashlytics] AndroidManifest.xml:10:17-130
104                android:value="com.google.firebase.components.ComponentRegistrar" />
104-->[:firebase_crashlytics] AndroidManifest.xml:11:17-82
105            <meta-data
105-->[:firebase_messaging] AndroidManifest.xml:34:13-36:85
106                android:name="com.google.firebase.components:io.flutter.plugins.firebase.messaging.FlutterFirebaseAppRegistrar"
106-->[:firebase_messaging] AndroidManifest.xml:35:17-128
107                android:value="com.google.firebase.components.ComponentRegistrar" />
107-->[:firebase_messaging] AndroidManifest.xml:36:17-82
108            <meta-data
108-->[:firebase_analytics] AndroidManifest.xml:13:13-15:85
109                android:name="com.google.firebase.components:io.flutter.plugins.firebaseanalytics.FlutterFirebaseAppRegistrar"
109-->[:firebase_analytics] AndroidManifest.xml:14:17-127
110                android:value="com.google.firebase.components.ComponentRegistrar" />
110-->[:firebase_analytics] AndroidManifest.xml:15:17-82
111            <meta-data
111-->[:firebase_performance] AndroidManifest.xml:11:13-13:85
112                android:name="com.google.firebase.components:io.flutter.plugins.firebaseperformance.FlutterFirebaseAppRegistrar"
112-->[:firebase_performance] AndroidManifest.xml:12:17-129
113                android:value="com.google.firebase.components.ComponentRegistrar" />
113-->[:firebase_performance] AndroidManifest.xml:13:17-82
114            <meta-data
114-->[:firebase_core] AndroidManifest.xml:9:13-11:85
115                android:name="com.google.firebase.components:io.flutter.plugins.firebase.core.FlutterFirebaseCoreRegistrar"
115-->[:firebase_core] AndroidManifest.xml:10:17-124
116                android:value="com.google.firebase.components.ComponentRegistrar" />
116-->[:firebase_core] AndroidManifest.xml:11:17-82
117            <meta-data
117-->[com.google.firebase:firebase-crashlytics-ktx:18.2.6] AndroidManifest.xml:27:13-29:85
118                android:name="com.google.firebase.components:com.google.firebase.crashlytics.ktx.FirebaseCrashlyticsKtxRegistrar"
118-->[com.google.firebase:firebase-crashlytics-ktx:18.2.6] AndroidManifest.xml:28:17-130
119                android:value="com.google.firebase.components.ComponentRegistrar" />
119-->[com.google.firebase:firebase-crashlytics-ktx:18.2.6] AndroidManifest.xml:29:17-82
120            <meta-data
120-->[com.google.firebase:firebase-analytics-ktx:20.0.2] AndroidManifest.xml:11:13-13:85
121                android:name="com.google.firebase.components:com.google.firebase.analytics.ktx.FirebaseAnalyticsKtxRegistrar"
121-->[com.google.firebase:firebase-analytics-ktx:20.0.2] AndroidManifest.xml:12:17-126
122                android:value="com.google.firebase.components.ComponentRegistrar" />
122-->[com.google.firebase:firebase-analytics-ktx:20.0.2] AndroidManifest.xml:13:17-82
123            <meta-data
123-->[com.google.firebase:firebase-common-ktx:20.0.0] AndroidManifest.xml:15:13-17:85
124                android:name="com.google.firebase.components:com.google.firebase.ktx.FirebaseCommonKtxRegistrar"
124-->[com.google.firebase:firebase-common-ktx:20.0.0] AndroidManifest.xml:16:17-113
125                android:value="com.google.firebase.components.ComponentRegistrar" />
125-->[com.google.firebase:firebase-common-ktx:20.0.0] AndroidManifest.xml:17:17-82
126            <meta-data
126-->[com.google.firebase:firebase-perf:20.0.4] AndroidManifest.xml:23:13-25:85
127                android:name="com.google.firebase.components:com.google.firebase.perf.FirebasePerfRegistrar"
127-->[com.google.firebase:firebase-perf:20.0.4] AndroidManifest.xml:24:17-109
128                android:value="com.google.firebase.components.ComponentRegistrar" />
128-->[com.google.firebase:firebase-perf:20.0.4] AndroidManifest.xml:25:17-82
129            <meta-data
129-->[com.google.firebase:firebase-crashlytics:18.2.6] AndroidManifest.xml:18:13-20:85
130                android:name="com.google.firebase.components:com.google.firebase.crashlytics.CrashlyticsRegistrar"
130-->[com.google.firebase:firebase-crashlytics:18.2.6] AndroidManifest.xml:19:17-115
131                android:value="com.google.firebase.components.ComponentRegistrar" />
131-->[com.google.firebase:firebase-crashlytics:18.2.6] AndroidManifest.xml:20:17-82
132            <meta-data
132-->[com.google.firebase:firebase-messaging:23.0.0] AndroidManifest.xml:52:13-54:85
133                android:name="com.google.firebase.components:com.google.firebase.messaging.FirebaseMessagingRegistrar"
133-->[com.google.firebase:firebase-messaging:23.0.0] AndroidManifest.xml:53:17-119
134                android:value="com.google.firebase.components.ComponentRegistrar" />
134-->[com.google.firebase:firebase-messaging:23.0.0] AndroidManifest.xml:54:17-82
135            <meta-data
135-->[com.google.firebase:firebase-datatransport:18.1.1] AndroidManifest.xml:28:13-30:85
136                android:name="com.google.firebase.components:com.google.firebase.datatransport.TransportRegistrar"
136-->[com.google.firebase:firebase-datatransport:18.1.1] AndroidManifest.xml:29:17-115
137                android:value="com.google.firebase.components.ComponentRegistrar" />
137-->[com.google.firebase:firebase-datatransport:18.1.1] AndroidManifest.xml:30:17-82
138            <meta-data
138-->[com.google.firebase:firebase-auth:21.0.1] AndroidManifest.xml:77:13-79:85
139                android:name="com.google.firebase.components:com.google.firebase.auth.FirebaseAuthRegistrar"
139-->[com.google.firebase:firebase-auth:21.0.1] AndroidManifest.xml:78:17-109
140                android:value="com.google.firebase.components.ComponentRegistrar" />
140-->[com.google.firebase:firebase-auth:21.0.1] AndroidManifest.xml:79:17-82
141            <meta-data
141-->[com.google.firebase:firebase-firestore:24.0.0] AndroidManifest.xml:20:13-22:85
142                android:name="com.google.firebase.components:com.google.firebase.firestore.FirestoreRegistrar"
142-->[com.google.firebase:firebase-firestore:24.0.0] AndroidManifest.xml:21:17-111
143                android:value="com.google.firebase.components.ComponentRegistrar" />
143-->[com.google.firebase:firebase-firestore:24.0.0] AndroidManifest.xml:22:17-82
144            <meta-data
144-->[com.google.firebase:firebase-config:21.0.1] AndroidManifest.xml:32:13-34:85
145                android:name="com.google.firebase.components:com.google.firebase.remoteconfig.RemoteConfigRegistrar"
145-->[com.google.firebase:firebase-config:21.0.1] AndroidManifest.xml:33:17-117
146                android:value="com.google.firebase.components.ComponentRegistrar" />
146-->[com.google.firebase:firebase-config:21.0.1] AndroidManifest.xml:34:17-82
147            <meta-data
147-->[com.google.firebase:firebase-abt:21.0.0] AndroidManifest.xml:13:13-15:85
148                android:name="com.google.firebase.components:com.google.firebase.abt.component.AbtRegistrar"
148-->[com.google.firebase:firebase-abt:21.0.0] AndroidManifest.xml:14:17-109
149                android:value="com.google.firebase.components.ComponentRegistrar" />
149-->[com.google.firebase:firebase-abt:21.0.0] AndroidManifest.xml:15:17-82
150            <meta-data
150-->[com.google.android.gms:play-services-measurement-api:20.0.2] AndroidManifest.xml:30:13-32:85
151                android:name="com.google.firebase.components:com.google.firebase.analytics.connector.internal.AnalyticsConnectorRegistrar"
151-->[com.google.android.gms:play-services-measurement-api:20.0.2] AndroidManifest.xml:31:17-139
152                android:value="com.google.firebase.components.ComponentRegistrar" />
152-->[com.google.android.gms:play-services-measurement-api:20.0.2] AndroidManifest.xml:32:17-82
153            <meta-data
153-->[com.google.firebase:firebase-installations:17.0.0] AndroidManifest.xml:18:13-20:85
154                android:name="com.google.firebase.components:com.google.firebase.installations.FirebaseInstallationsRegistrar"
154-->[com.google.firebase:firebase-installations:17.0.0] AndroidManifest.xml:19:17-127
155                android:value="com.google.firebase.components.ComponentRegistrar" />
155-->[com.google.firebase:firebase-installations:17.0.0] AndroidManifest.xml:20:17-82
156        </service>
157
158        <receiver android:name="com.dexterous.flutterlocalnotifications.ScheduledNotificationReceiver" />
158-->[:flutter_local_notifications] AndroidManifest.xml:12:9-106
158-->[:flutter_local_notifications] AndroidManifest.xml:12:19-103
159        <receiver android:name="com.dexterous.flutterlocalnotifications.ScheduledNotificationBootReceiver" >
159-->[:flutter_local_notifications] AndroidManifest.xml:13:9-20:20
159-->[:flutter_local_notifications] AndroidManifest.xml:13:19-107
160            <intent-filter>
160-->[:flutter_local_notifications] AndroidManifest.xml:14:13-19:29
161                <action android:name="android.intent.action.BOOT_COMPLETED" />
161-->[:flutter_local_notifications] AndroidManifest.xml:15:17-79
161-->[:flutter_local_notifications] AndroidManifest.xml:15:25-76
162                <action android:name="android.intent.action.MY_PACKAGE_REPLACED" />
162-->[:flutter_local_notifications] AndroidManifest.xml:16:17-84
162-->[:flutter_local_notifications] AndroidManifest.xml:16:25-81
163                <action android:name="android.intent.action.QUICKBOOT_POWERON" />
163-->[:flutter_local_notifications] AndroidManifest.xml:17:17-82
163-->[:flutter_local_notifications] AndroidManifest.xml:17:25-79
164                <action android:name="com.htc.intent.action.QUICKBOOT_POWERON" />
164-->[:flutter_local_notifications] AndroidManifest.xml:18:17-82
164-->[:flutter_local_notifications] AndroidManifest.xml:18:25-79
165            </intent-filter>
166        </receiver>
167
168        <service
168-->[:firebase_messaging] AndroidManifest.xml:12:9-15:72
169            android:name="io.flutter.plugins.firebase.messaging.FlutterFirebaseMessagingBackgroundService"
169-->[:firebase_messaging] AndroidManifest.xml:13:13-107
170            android:exported="false"
170-->[:firebase_messaging] AndroidManifest.xml:14:13-37
171            android:permission="android.permission.BIND_JOB_SERVICE" />
171-->[:firebase_messaging] AndroidManifest.xml:15:13-69
172        <service
172-->[:firebase_messaging] AndroidManifest.xml:16:9-22:19
173            android:name="io.flutter.plugins.firebase.messaging.FlutterFirebaseMessagingService"
173-->[:firebase_messaging] AndroidManifest.xml:17:13-97
174            android:exported="false" >
174-->[:firebase_messaging] AndroidManifest.xml:18:13-37
175            <intent-filter>
175-->[:firebase_messaging] AndroidManifest.xml:19:13-21:29
176                <action android:name="com.google.firebase.MESSAGING_EVENT" />
176-->[:firebase_messaging] AndroidManifest.xml:20:17-78
176-->[:firebase_messaging] AndroidManifest.xml:20:25-75
177            </intent-filter>
178        </service>
179
180        <receiver
180-->[:firebase_messaging] AndroidManifest.xml:24:9-31:20
181            android:name="io.flutter.plugins.firebase.messaging.FlutterFirebaseMessagingReceiver"
181-->[:firebase_messaging] AndroidManifest.xml:25:13-98
182            android:exported="true"
182-->[:firebase_messaging] AndroidManifest.xml:26:13-36
183            android:permission="com.google.android.c2dm.permission.SEND" >
183-->[:firebase_messaging] AndroidManifest.xml:27:13-73
184            <intent-filter>
184-->[:firebase_messaging] AndroidManifest.xml:28:13-30:29
185                <action android:name="com.google.android.c2dm.intent.RECEIVE" />
185-->[:firebase_messaging] AndroidManifest.xml:29:17-81
185-->[:firebase_messaging] AndroidManifest.xml:29:25-78
186            </intent-filter>
187        </receiver>
188
189        <provider
189-->[:firebase_messaging] AndroidManifest.xml:39:9-43:38
190            android:name="io.flutter.plugins.firebase.messaging.FlutterFirebaseMessagingInitProvider"
190-->[:firebase_messaging] AndroidManifest.xml:40:13-102
191            android:authorities="de.yessoft.mandoob_distro.flutterfirebasemessaginginitprovider"
191-->[:firebase_messaging] AndroidManifest.xml:41:13-88
192            android:exported="false"
192-->[:firebase_messaging] AndroidManifest.xml:42:13-37
193            android:initOrder="99" />
193-->[:firebase_messaging] AndroidManifest.xml:43:13-35
194        <provider
194-->[:share] AndroidManifest.xml:8:9-16:20
195            android:name="io.flutter.plugins.share.ShareFileProvider"
195-->[:share] AndroidManifest.xml:9:13-70
196            android:authorities="de.yessoft.mandoob_distro.flutter.share_provider"
196-->[:share] AndroidManifest.xml:10:13-74
197            android:exported="false"
197-->[:share] AndroidManifest.xml:11:13-37
198            android:grantUriPermissions="true" >
198-->[:share] AndroidManifest.xml:12:13-47
199            <meta-data
199-->[:image_picker] AndroidManifest.xml:13:13-15:75
200                android:name="android.support.FILE_PROVIDER_PATHS"
200-->[:image_picker] AndroidManifest.xml:14:17-67
201                android:resource="@xml/flutter_share_file_paths" />
201-->[:image_picker] AndroidManifest.xml:15:17-72
202        </provider>
203
204        <activity
204-->[:url_launcher] AndroidManifest.xml:8:9-11:74
205            android:name="io.flutter.plugins.urllauncher.WebViewActivity"
205-->[:url_launcher] AndroidManifest.xml:9:13-74
206            android:exported="false"
206-->[:url_launcher] AndroidManifest.xml:10:13-37
207            android:theme="@android:style/Theme.NoTitleBar.Fullscreen" />
207-->[:url_launcher] AndroidManifest.xml:11:13-71
208
209        <provider
209-->[com.google.firebase:firebase-perf:20.0.4] AndroidManifest.xml:14:9-18:39
210            android:name="com.google.firebase.perf.provider.FirebasePerfProvider"
210-->[com.google.firebase:firebase-perf:20.0.4] AndroidManifest.xml:15:13-82
211            android:authorities="de.yessoft.mandoob_distro.firebaseperfprovider"
211-->[com.google.firebase:firebase-perf:20.0.4] AndroidManifest.xml:16:13-72
212            android:exported="false"
212-->[com.google.firebase:firebase-perf:20.0.4] AndroidManifest.xml:17:13-37
213            android:initOrder="101" />
213-->[com.google.firebase:firebase-perf:20.0.4] AndroidManifest.xml:18:13-36
214
215        <receiver
215-->[com.google.firebase:firebase-messaging:23.0.0] AndroidManifest.xml:28:9-35:20
216            android:name="com.google.firebase.iid.FirebaseInstanceIdReceiver"
216-->[com.google.firebase:firebase-messaging:23.0.0] AndroidManifest.xml:29:13-78
217            android:exported="true"
217-->[com.google.firebase:firebase-messaging:23.0.0] AndroidManifest.xml:30:13-36
218            android:permission="com.google.android.c2dm.permission.SEND" >
218-->[com.google.firebase:firebase-messaging:23.0.0] AndroidManifest.xml:31:13-73
219            <intent-filter>
219-->[:firebase_messaging] AndroidManifest.xml:28:13-30:29
220                <action android:name="com.google.android.c2dm.intent.RECEIVE" />
220-->[:firebase_messaging] AndroidManifest.xml:29:17-81
220-->[:firebase_messaging] AndroidManifest.xml:29:25-78
221            </intent-filter>
222        </receiver>
223        <!--
224             FirebaseMessagingService performs security checks at runtime,
225             but set to not exported to explicitly avoid allowing another app to call it.
226        -->
227        <service
227-->[com.google.firebase:firebase-messaging:23.0.0] AndroidManifest.xml:41:9-48:19
228            android:name="com.google.firebase.messaging.FirebaseMessagingService"
228-->[com.google.firebase:firebase-messaging:23.0.0] AndroidManifest.xml:42:13-82
229            android:directBootAware="true"
229-->[com.google.firebase:firebase-messaging:23.0.0] AndroidManifest.xml:43:13-43
230            android:exported="false" >
230-->[com.google.firebase:firebase-messaging:23.0.0] AndroidManifest.xml:44:13-37
231            <intent-filter android:priority="-500" >
231-->[:firebase_messaging] AndroidManifest.xml:19:13-21:29
232                <action android:name="com.google.firebase.MESSAGING_EVENT" />
232-->[:firebase_messaging] AndroidManifest.xml:20:17-78
232-->[:firebase_messaging] AndroidManifest.xml:20:25-75
233            </intent-filter>
234        </service>
235        <service
235-->[com.google.android.datatransport:transport-backend-cct:3.1.1] AndroidManifest.xml:29:9-35:19
236            android:name="com.google.android.datatransport.runtime.backends.TransportBackendDiscovery"
236-->[com.google.android.datatransport:transport-backend-cct:3.1.1] AndroidManifest.xml:30:13-103
237            android:exported="false" >
237-->[com.google.android.datatransport:transport-backend-cct:3.1.1] AndroidManifest.xml:31:13-37
238            <meta-data
238-->[com.google.android.datatransport:transport-backend-cct:3.1.1] AndroidManifest.xml:32:13-34:39
239                android:name="backend:com.google.android.datatransport.cct.CctBackendFactory"
239-->[com.google.android.datatransport:transport-backend-cct:3.1.1] AndroidManifest.xml:33:17-94
240                android:value="cct" />
240-->[com.google.android.datatransport:transport-backend-cct:3.1.1] AndroidManifest.xml:34:17-36
241        </service>
242        <service
242-->[com.google.android.datatransport:transport-runtime:3.1.1] AndroidManifest.xml:26:9-30:19
243            android:name="com.google.android.datatransport.runtime.scheduling.jobscheduling.JobInfoSchedulerService"
243-->[com.google.android.datatransport:transport-runtime:3.1.1] AndroidManifest.xml:27:13-117
244            android:exported="false"
244-->[com.google.android.datatransport:transport-runtime:3.1.1] AndroidManifest.xml:28:13-37
245            android:permission="android.permission.BIND_JOB_SERVICE" >
245-->[com.google.android.datatransport:transport-runtime:3.1.1] AndroidManifest.xml:29:13-69
246        </service>
247
248        <receiver
248-->[com.google.android.datatransport:transport-runtime:3.1.1] AndroidManifest.xml:32:9-34:40
249            android:name="com.google.android.datatransport.runtime.scheduling.jobscheduling.AlarmManagerSchedulerBroadcastReceiver"
249-->[com.google.android.datatransport:transport-runtime:3.1.1] AndroidManifest.xml:33:13-132
250            android:exported="false" />
250-->[com.google.android.datatransport:transport-runtime:3.1.1] AndroidManifest.xml:34:13-37
251
252        <activity
252-->[com.google.firebase:firebase-auth:21.0.1] AndroidManifest.xml:27:9-44:20
253            android:name="com.google.firebase.auth.internal.GenericIdpActivity"
253-->[com.google.firebase:firebase-auth:21.0.1] AndroidManifest.xml:28:13-80
254            android:excludeFromRecents="true"
254-->[com.google.firebase:firebase-auth:21.0.1] AndroidManifest.xml:29:13-46
255            android:exported="true"
255-->[com.google.firebase:firebase-auth:21.0.1] AndroidManifest.xml:30:13-36
256            android:launchMode="singleTask"
256-->[com.google.firebase:firebase-auth:21.0.1] AndroidManifest.xml:31:13-44
257            android:theme="@android:style/Theme.Translucent.NoTitleBar" >
257-->[com.google.firebase:firebase-auth:21.0.1] AndroidManifest.xml:32:13-72
258            <intent-filter>
258-->[com.google.firebase:firebase-auth:21.0.1] AndroidManifest.xml:33:13-43:29
259                <action android:name="android.intent.action.VIEW" />
259-->[com.google.firebase:firebase-auth:21.0.1] AndroidManifest.xml:34:17-69
259-->[com.google.firebase:firebase-auth:21.0.1] AndroidManifest.xml:34:25-66
260
261                <category android:name="android.intent.category.DEFAULT" />
261-->[com.google.firebase:firebase-auth:21.0.1] AndroidManifest.xml:36:17-76
261-->[com.google.firebase:firebase-auth:21.0.1] AndroidManifest.xml:36:27-73
262                <category android:name="android.intent.category.BROWSABLE" />
262-->[com.google.firebase:firebase-auth:21.0.1] AndroidManifest.xml:37:17-78
262-->[com.google.firebase:firebase-auth:21.0.1] AndroidManifest.xml:37:27-75
263
264                <data
264-->[com.google.firebase:firebase-auth:21.0.1] AndroidManifest.xml:39:17-42:51
265                    android:host="firebase.auth"
265-->[com.google.firebase:firebase-auth:21.0.1] AndroidManifest.xml:40:21-49
266                    android:path="/"
266-->[com.google.firebase:firebase-auth:21.0.1] AndroidManifest.xml:41:21-37
267                    android:scheme="genericidp" />